<?xml version="1.0" encoding="UTF-8"?>
<!-- Generated by org.testng.reporters.JUnitReportReporter -->
<testsuite hostname="Yaakoubs-MacBook-Air.local" failures="0" tests="1" name="Test.Testthree" time="0.000" errors="0" timestamp="2023-02-26T18:15:27 EST" skipped="0">
  <testcase classname="Test.Testthree" name="Test3" time="0.000"/>
  <system-out/>
</testsuite> <!-- Test.Testthree -->
