<?xml version="1.0" encoding="UTF-8"?>
<!-- Generated by org.testng.reporters.JUnitReportReporter -->
<testsuite hostname="Yaakoubs-MacBook-Air.local" failures="0" tests="2" name="Test.LoginTest" time="22.286" errors="0" timestamp="2023-02-26T18:15:27 EST" skipped="0">
  <testcase classname="Test.LoginTest" name="Login" time="10.254"/>
  <system-out/>
  <testcase classname="Test.LoginTest" name="Login" time="12.032"/>
  <system-out/>
</testsuite> <!-- Test.LoginTest -->
